2011/11/13 22:58:36 [error] [php] Trying to get property of non-object (/home/bass/dev/cardomatwork/cw/protected/commands/TestCommand.php:38)
Stack trace:
#0 /home/bass/dev/cardomatwork/framework/console/CConsoleCommandRunner.php(63): TestCommand->run()
#1 /home/bass/dev/cardomatwork/framework/console/CConsoleApplication.php(88): CConsoleCommandRunner->run()
#2 /home/bass/dev/cardomatwork/framework/base/CApplication.php(158): CConsoleApplication->processRequest()
#3 /home/bass/dev/cardomatwork/framework/yiic.php(33): CConsoleApplication->run()
#4 /home/bass/dev/cardomatwork/cw/protected/yiic.php(11): require_once()
#5 /home/bass/dev/cardomatwork/cw/protected/yiic(4): require_once()

in /home/bass/dev/cardomatwork/cw/protected/commands/TestCommand.php (38)
in /home/bass/dev/cardomatwork/cw/protected/yiic.php (11)
in /home/bass/dev/cardomatwork/cw/protected/yiic (4)
2011/11/13 23:01:06 [error] [php] Trying to get property of non-object (/home/bass/dev/cardomatwork/cw/protected/commands/TestCommand.php:39)
Stack trace:
#0 /home/bass/dev/cardomatwork/framework/console/CConsoleCommandRunner.php(63): TestCommand->run()
#1 /home/bass/dev/cardomatwork/framework/console/CConsoleApplication.php(88): CConsoleCommandRunner->run()
#2 /home/bass/dev/cardomatwork/framework/base/CApplication.php(158): CConsoleApplication->processRequest()
#3 /home/bass/dev/cardomatwork/framework/yiic.php(33): CConsoleApplication->run()
#4 /home/bass/dev/cardomatwork/cw/protected/yiic.php(11): require_once()
#5 /home/bass/dev/cardomatwork/cw/protected/yiic(4): require_once()

in /home/bass/dev/cardomatwork/cw/protected/commands/TestCommand.php (39)
in /home/bass/dev/cardomatwork/cw/protected/yiic.php (11)
in /home/bass/dev/cardomatwork/cw/protected/yiic (4)
2011/11/13 23:02:43 [error] [php] Undefined variable: model (/home/bass/dev/cardomatwork/cw/protected/models/Variable.php:90)
Stack trace:
#0 /home/bass/dev/cardomatwork/framework/console/CConsoleCommand.php(135): ReflectionMethod->invokeArgs()
#1 /home/bass/dev/cardomatwork/framework/console/CConsoleCommandRunner.php(63): TestCommand->run()
#2 /home/bass/dev/cardomatwork/framework/console/CConsoleApplication.php(88): CConsoleCommandRunner->run()
#3 /home/bass/dev/cardomatwork/framework/base/CApplication.php(158): CConsoleApplication->processRequest()
#4 /home/bass/dev/cardomatwork/framework/yiic.php(33): CConsoleApplication->run()
#5 /home/bass/dev/cardomatwork/cw/protected/yiic.php(11): require_once()
#6 /home/bass/dev/cardomatwork/cw/protected/yiic(4): require_once()

in /home/bass/dev/cardomatwork/cw/protected/models/Variable.php (90)
in /home/bass/dev/cardomatwork/cw/protected/commands/TestCommand.php (37)
in /home/bass/dev/cardomatwork/cw/protected/yiic.php (11)
2011/11/13 23:04:50 [error] [php] Trying to get property of non-object (/home/bass/dev/cardomatwork/cw/protected/commands/TestCommand.php:39)
Stack trace:
#0 /home/bass/dev/cardomatwork/framework/console/CConsoleCommandRunner.php(63): TestCommand->run()
#1 /home/bass/dev/cardomatwork/framework/console/CConsoleApplication.php(88): CConsoleCommandRunner->run()
#2 /home/bass/dev/cardomatwork/framework/base/CApplication.php(158): CConsoleApplication->processRequest()
#3 /home/bass/dev/cardomatwork/framework/yiic.php(33): CConsoleApplication->run()
#4 /home/bass/dev/cardomatwork/cw/protected/yiic.php(11): require_once()
#5 /home/bass/dev/cardomatwork/cw/protected/yiic(4): require_once()

in /home/bass/dev/cardomatwork/cw/protected/commands/TestCommand.php (39)
in /home/bass/dev/cardomatwork/cw/protected/yiic.php (11)
in /home/bass/dev/cardomatwork/cw/protected/yiic (4)
2011/11/13 23:07:26 [error] [php] Trying to get property of non-object (/home/bass/dev/cardomatwork/cw/protected/commands/TestCommand.php:39)
Stack trace:
#0 /home/bass/dev/cardomatwork/framework/console/CConsoleCommandRunner.php(63): TestCommand->run()
#1 /home/bass/dev/cardomatwork/framework/console/CConsoleApplication.php(88): CConsoleCommandRunner->run()
#2 /home/bass/dev/cardomatwork/framework/base/CApplication.php(158): CConsoleApplication->processRequest()
#3 /home/bass/dev/cardomatwork/framework/yiic.php(33): CConsoleApplication->run()
#4 /home/bass/dev/cardomatwork/cw/protected/yiic.php(11): require_once()
#5 /home/bass/dev/cardomatwork/cw/protected/yiic(4): require_once()

in /home/bass/dev/cardomatwork/cw/protected/commands/TestCommand.php (39)
in /home/bass/dev/cardomatwork/cw/protected/yiic.php (11)
in /home/bass/dev/cardomatwork/cw/protected/yiic (4)
2011/11/13 23:17:38 [error] [php] Trying to get property of non-object (/home/bass/dev/cardomatwork/cw/protected/commands/TestCommand.php:39)
Stack trace:
#0 /home/bass/dev/cardomatwork/framework/console/CConsoleCommandRunner.php(63): TestCommand->run()
#1 /home/bass/dev/cardomatwork/framework/console/CConsoleApplication.php(88): CConsoleCommandRunner->run()
#2 /home/bass/dev/cardomatwork/framework/base/CApplication.php(158): CConsoleApplication->processRequest()
#3 /home/bass/dev/cardomatwork/framework/yiic.php(33): CConsoleApplication->run()
#4 /home/bass/dev/cardomatwork/cw/protected/yiic.php(11): require_once()
#5 /home/bass/dev/cardomatwork/cw/protected/yiic(4): require_once()

in /home/bass/dev/cardomatwork/cw/protected/commands/TestCommand.php (39)
in /home/bass/dev/cardomatwork/cw/protected/yiic.php (11)
in /home/bass/dev/cardomatwork/cw/protected/yiic (4)
2011/11/13 23:20:59 [error] [php] Trying to get property of non-object (/home/bass/dev/cardomatwork/cw/protected/models/Variable.php:89)
Stack trace:
#0 /home/bass/dev/cardomatwork/framework/console/CConsoleCommand.php(135): ReflectionMethod->invokeArgs()
#1 /home/bass/dev/cardomatwork/framework/console/CConsoleCommandRunner.php(63): TestCommand->run()
#2 /home/bass/dev/cardomatwork/framework/console/CConsoleApplication.php(88): CConsoleCommandRunner->run()
#3 /home/bass/dev/cardomatwork/framework/base/CApplication.php(158): CConsoleApplication->processRequest()
#4 /home/bass/dev/cardomatwork/framework/yiic.php(33): CConsoleApplication->run()
#5 /home/bass/dev/cardomatwork/cw/protected/yiic.php(11): require_once()
#6 /home/bass/dev/cardomatwork/cw/protected/yiic(4): require_once()

in /home/bass/dev/cardomatwork/cw/protected/models/Variable.php (89)
in /home/bass/dev/cardomatwork/cw/protected/commands/TestCommand.php (37)
in /home/bass/dev/cardomatwork/cw/protected/yiic.php (11)
2011/11/13 23:22:37 [error] [php] Trying to get property of non-object (/home/bass/dev/cardomatwork/cw/protected/commands/TestCommand.php:39)
Stack trace:
#0 /home/bass/dev/cardomatwork/framework/console/CConsoleCommandRunner.php(63): TestCommand->run()
#1 /home/bass/dev/cardomatwork/framework/console/CConsoleApplication.php(88): CConsoleCommandRunner->run()
#2 /home/bass/dev/cardomatwork/framework/base/CApplication.php(158): CConsoleApplication->processRequest()
#3 /home/bass/dev/cardomatwork/framework/yiic.php(33): CConsoleApplication->run()
#4 /home/bass/dev/cardomatwork/cw/protected/yiic.php(11): require_once()
#5 /home/bass/dev/cardomatwork/cw/protected/yiic(4): require_once()

in /home/bass/dev/cardomatwork/cw/protected/commands/TestCommand.php (39)
in /home/bass/dev/cardomatwork/cw/protected/yiic.php (11)
in /home/bass/dev/cardomatwork/cw/protected/yiic (4)
2011/11/13 23:24:07 [error] [php] Trying to get property of non-object (/home/bass/dev/cardomatwork/cw/protected/commands/TestCommand.php:39)
Stack trace:
#0 /home/bass/dev/cardomatwork/framework/console/CConsoleCommandRunner.php(63): TestCommand->run()
#1 /home/bass/dev/cardomatwork/framework/console/CConsoleApplication.php(88): CConsoleCommandRunner->run()
#2 /home/bass/dev/cardomatwork/framework/base/CApplication.php(158): CConsoleApplication->processRequest()
#3 /home/bass/dev/cardomatwork/framework/yiic.php(33): CConsoleApplication->run()
#4 /home/bass/dev/cardomatwork/cw/protected/yiic.php(11): require_once()
#5 /home/bass/dev/cardomatwork/cw/protected/yiic(4): require_once()

in /home/bass/dev/cardomatwork/cw/protected/commands/TestCommand.php (39)
in /home/bass/dev/cardomatwork/cw/protected/yiic.php (11)
in /home/bass/dev/cardomatwork/cw/protected/yiic (4)
2011/11/13 23:28:23 [error] [php] Trying to get property of non-object (/home/bass/dev/cardomatwork/cw/protected/commands/TestCommand.php:39)
Stack trace:
#0 /home/bass/dev/cardomatwork/framework/console/CConsoleCommandRunner.php(63): TestCommand->run()
#1 /home/bass/dev/cardomatwork/framework/console/CConsoleApplication.php(88): CConsoleCommandRunner->run()
#2 /home/bass/dev/cardomatwork/framework/base/CApplication.php(158): CConsoleApplication->processRequest()
#3 /home/bass/dev/cardomatwork/framework/yiic.php(33): CConsoleApplication->run()
#4 /home/bass/dev/cardomatwork/cw/protected/yiic.php(11): require_once()
#5 /home/bass/dev/cardomatwork/cw/protected/yiic(4): require_once()

in /home/bass/dev/cardomatwork/cw/protected/commands/TestCommand.php (39)
in /home/bass/dev/cardomatwork/cw/protected/yiic.php (11)
in /home/bass/dev/cardomatwork/cw/protected/yiic (4)
2011/11/13 23:38:55 [error] [php] Indirect modification of overloaded property Variable::$attributes has no effect (/home/bass/dev/cardomatwork/cw/protected/models/Variable.php:103)
Stack trace:
#0 /home/bass/dev/cardomatwork/framework/console/CConsoleCommand.php(135): ReflectionMethod->invokeArgs()
#1 /home/bass/dev/cardomatwork/framework/console/CConsoleCommandRunner.php(63): TestCommand->run()
#2 /home/bass/dev/cardomatwork/framework/console/CConsoleApplication.php(88): CConsoleCommandRunner->run()
#3 /home/bass/dev/cardomatwork/framework/base/CApplication.php(158): CConsoleApplication->processRequest()
#4 /home/bass/dev/cardomatwork/framework/yiic.php(33): CConsoleApplication->run()
#5 /home/bass/dev/cardomatwork/cw/protected/yiic.php(11): require_once()
#6 /home/bass/dev/cardomatwork/cw/protected/yiic(4): require_once()

in /home/bass/dev/cardomatwork/cw/protected/models/Variable.php (103)
in /home/bass/dev/cardomatwork/cw/protected/commands/TestCommand.php (36)
in /home/bass/dev/cardomatwork/cw/protected/yiic.php (11)
2011/11/13 23:40:20 [error] [php] Undefined property: stdClass::$save (/home/bass/dev/cardomatwork/cw/protected/models/Variable.php:106)
Stack trace:
#0 /home/bass/dev/cardomatwork/framework/console/CConsoleCommand.php(135): ReflectionMethod->invokeArgs()
#1 /home/bass/dev/cardomatwork/framework/console/CConsoleCommandRunner.php(63): TestCommand->run()
#2 /home/bass/dev/cardomatwork/framework/console/CConsoleApplication.php(88): CConsoleCommandRunner->run()
#3 /home/bass/dev/cardomatwork/framework/base/CApplication.php(158): CConsoleApplication->processRequest()
#4 /home/bass/dev/cardomatwork/framework/yiic.php(33): CConsoleApplication->run()
#5 /home/bass/dev/cardomatwork/cw/protected/yiic.php(11): require_once()
#6 /home/bass/dev/cardomatwork/cw/protected/yiic(4): require_once()

in /home/bass/dev/cardomatwork/cw/protected/models/Variable.php (106)
in /home/bass/dev/cardomatwork/cw/protected/commands/TestCommand.php (36)
in /home/bass/dev/cardomatwork/cw/protected/yiic.php (11)
2011/11/13 23:41:50 [error] [php] Indirect modification of overloaded property Variable::$attributes has no effect (/home/bass/dev/cardomatwork/cw/protected/models/Variable.php:103)
Stack trace:
#0 /home/bass/dev/cardomatwork/framework/console/CConsoleCommand.php(135): ReflectionMethod->invokeArgs()
#1 /home/bass/dev/cardomatwork/framework/console/CConsoleCommandRunner.php(63): TestCommand->run()
#2 /home/bass/dev/cardomatwork/framework/console/CConsoleApplication.php(88): CConsoleCommandRunner->run()
#3 /home/bass/dev/cardomatwork/framework/base/CApplication.php(158): CConsoleApplication->processRequest()
#4 /home/bass/dev/cardomatwork/framework/yiic.php(33): CConsoleApplication->run()
#5 /home/bass/dev/cardomatwork/cw/protected/yiic.php(11): require_once()
#6 /home/bass/dev/cardomatwork/cw/protected/yiic(4): require_once()

in /home/bass/dev/cardomatwork/cw/protected/models/Variable.php (103)
in /home/bass/dev/cardomatwork/cw/protected/commands/TestCommand.php (36)
in /home/bass/dev/cardomatwork/cw/protected/yiic.php (11)
2011/11/13 23:44:29 [error] [exception.CException] exception 'CException' with message 'Property "Variable.save" is not defined.' in /home/bass/dev/cardomatwork/framework/base/CComponent.php:131
Stack trace:
#0 /home/bass/dev/cardomatwork/framework/db/ar/CActiveRecord.php(129): CComponent->__get('save')
#1 /home/bass/dev/cardomatwork/cw/protected/models/Variable.php(106): CActiveRecord->__get('save')
#2 /home/bass/dev/cardomatwork/cw/protected/commands/TestCommand.php(36): Variable::setVariable('yii_test', '100')
#3 [internal function]: TestCommand->actionVariable('yii_test', '100')
#4 /home/bass/dev/cardomatwork/framework/console/CConsoleCommand.php(135): ReflectionMethod->invokeArgs(Object(TestCommand), Array)
#5 /home/bass/dev/cardomatwork/framework/console/CConsoleCommandRunner.php(63): CConsoleCommand->run(Array)
#6 /home/bass/dev/cardomatwork/framework/console/CConsoleApplication.php(88): CConsoleCommandRunner->run(Array)
#7 /home/bass/dev/cardomatwork/framework/base/CApplication.php(158): CConsoleApplication->processRequest()
#8 /home/bass/dev/cardomatwork/framework/yiic.php(33): CApplication->run()
#9 /home/bass/dev/cardomatwork/cw/protected/yiic.php(11): require_once('/home/bass/dev/...')
#10 /home/bass/dev/cardomatwork/cw/protected/yiic(4): require_once('/home/bass/dev/...')
#11 {main}
2011/11/13 23:50:36 [error] [php] Indirect modification of overloaded property Variable::$attributes has no effect (/home/bass/dev/cardomatwork/cw/protected/models/Variable.php:98)
Stack trace:
#0 /home/bass/dev/cardomatwork/framework/console/CConsoleCommand.php(135): ReflectionMethod->invokeArgs()
#1 /home/bass/dev/cardomatwork/framework/console/CConsoleCommandRunner.php(63): TestCommand->run()
#2 /home/bass/dev/cardomatwork/framework/console/CConsoleApplication.php(88): CConsoleCommandRunner->run()
#3 /home/bass/dev/cardomatwork/framework/base/CApplication.php(158): CConsoleApplication->processRequest()
#4 /home/bass/dev/cardomatwork/framework/yiic.php(33): CConsoleApplication->run()
#5 /home/bass/dev/cardomatwork/cw/protected/yiic.php(11): require_once()
#6 /home/bass/dev/cardomatwork/cw/protected/yiic(4): require_once()

in /home/bass/dev/cardomatwork/cw/protected/models/Variable.php (98)
in /home/bass/dev/cardomatwork/cw/protected/commands/TestCommand.php (36)
in /home/bass/dev/cardomatwork/cw/protected/yiic.php (11)
2011/11/13 23:51:36 [error] [php] Indirect modification of overloaded property Variable::$attributes has no effect (/home/bass/dev/cardomatwork/cw/protected/models/Variable.php:99)
Stack trace:
#0 /home/bass/dev/cardomatwork/framework/console/CConsoleCommand.php(135): ReflectionMethod->invokeArgs()
#1 /home/bass/dev/cardomatwork/framework/console/CConsoleCommandRunner.php(63): TestCommand->run()
#2 /home/bass/dev/cardomatwork/framework/console/CConsoleApplication.php(88): CConsoleCommandRunner->run()
#3 /home/bass/dev/cardomatwork/framework/base/CApplication.php(158): CConsoleApplication->processRequest()
#4 /home/bass/dev/cardomatwork/framework/yiic.php(33): CConsoleApplication->run()
#5 /home/bass/dev/cardomatwork/cw/protected/yiic.php(11): require_once()
#6 /home/bass/dev/cardomatwork/cw/protected/yiic(4): require_once()

in /home/bass/dev/cardomatwork/cw/protected/models/Variable.php (99)
in /home/bass/dev/cardomatwork/cw/protected/commands/TestCommand.php (36)
in /home/bass/dev/cardomatwork/cw/protected/yiic.php (11)
2011/11/13 23:53:34 [error] [php] Indirect modification of overloaded property Variable::$attributes has no effect (/home/bass/dev/cardomatwork/cw/protected/models/Variable.php:99)
Stack trace:
#0 /home/bass/dev/cardomatwork/framework/console/CConsoleCommand.php(135): ReflectionMethod->invokeArgs()
#1 /home/bass/dev/cardomatwork/framework/console/CConsoleCommandRunner.php(63): TestCommand->run()
#2 /home/bass/dev/cardomatwork/framework/console/CConsoleApplication.php(88): CConsoleCommandRunner->run()
#3 /home/bass/dev/cardomatwork/framework/base/CApplication.php(158): CConsoleApplication->processRequest()
#4 /home/bass/dev/cardomatwork/framework/yiic.php(33): CConsoleApplication->run()
#5 /home/bass/dev/cardomatwork/cw/protected/yiic.php(11): require_once()
#6 /home/bass/dev/cardomatwork/cw/protected/yiic(4): require_once()

in /home/bass/dev/cardomatwork/cw/protected/models/Variable.php (99)
in /home/bass/dev/cardomatwork/cw/protected/commands/TestCommand.php (36)
in /home/bass/dev/cardomatwork/cw/protected/yiic.php (11)
